<?xml version="1.0" encoding="UTF-8"?>
<!-- Generated by org.testng.reporters.JUnitXMLReporter -->
<testsuite ignored="0" hostname="DESKTOP-2J33N80" failures="0" tests="3" name="negativeTesting" time="22.883" errors="0" timestamp="2025-05-12T10:36:16 IST">
  <testcase classname="negativeTesting.ErrorValidations" name="loginErrorValidation" time="0.0">
    <skipped/>
  </testcase> <!-- loginErrorValidation -->
  <testcase classname="negativeTesting.ErrorValidations" name="productErrorValidation" time="0.0">
    <skipped/>
  </testcase> <!-- productErrorValidation -->
  <testcase classname="negativeTesting.ErrorValidations" name="productInCartErrorValidation" time="0.0">
    <skipped/>
  </testcase> <!-- productInCartErrorValidation -->
</testsuite> <!-- negativeTesting -->
